2025-08-29 15:26:50 JTAPICallerInfo init: trigger=CONNECTED monitoredAddress=81027226 urlTemplate=https://salesassistant.lkqcorp.com/customers/{number}
2025-08-29 15:27:20 Event: CallActiveEv
2025-08-29 15:27:20 Event: ConnCreatedEv 81027226:Cluster DN Presence Allowed:1
2025-08-29 15:27:20 Event: ConnInProgressEv 81027226:Cluster DN Presence Allowed:1
2025-08-29 15:27:20 Event: ConnCreatedEv 96155702834::2
2025-08-29 15:27:20 ConnConnectedEv - callingNumber=96155702834 conn=[96155702834::2/(P1-axshetty) GCID=(2,5884833)->ACTIVE]->ESTABLISHED
2025-08-29 15:27:20 Skipping connected open: connection address=96155702834 monitored=81027226
2025-08-29 15:27:20 Event: ConnAlertingEv 81027226:Cluster DN Presence Allowed:1
2025-08-29 15:27:20 Event: TermConnCreatedEv CSFaxshetty
2025-08-29 15:27:20 Event: TermConnRingingEv CSFaxshetty
2025-08-29 15:27:23 Event: CiscoCallInfoChangedEv
2025-08-29 15:27:23 ConnConnectedEv - callingNumber=96155702834 conn=[81027226:Cluster DN Presence Allowed:1/(P1-axshetty) GCID=(2,5884833)->ACTIVE]->ESTABLISHED
2025-08-29 15:27:23 Opening URL: https://salesassistant.lkqcorp.com/customers/96155702834
2025-08-29 15:27:24 Event: ConnConnectedEv 81027226:Cluster DN Presence Allowed:1
2025-08-29 15:27:24 TermConnActiveEv terminal=CSFaxshetty tc=[CSFaxshetty/[81027226:Cluster DN Presence Allowed:1/(P1-axshetty) GCID=(2,5884833)->ACTIVE]->ESTABLISHED]->TALKING
2025-08-29 15:27:24 Event: TermConnActiveEv CSFaxshetty
2025-08-29 15:29:29 Event: CallActiveEv
2025-08-29 15:29:29 Event: ConnCreatedEv 81027226:Cluster DN Presence Allowed:1
2025-08-29 15:29:29 Event: ConnInProgressEv 81027226:Cluster DN Presence Allowed:1
2025-08-29 15:29:29 Event: ConnCreatedEv 85052112::2
2025-08-29 15:29:29 ConnConnectedEv - callingNumber=85052112 conn=[85052112::2/(P1-axshetty) GCID=(6,9056488)->ACTIVE]->ESTABLISHED
2025-08-29 15:29:29 Skipping connected open: connection address=85052112 monitored=81027226
2025-08-29 15:29:29 Event: ConnAlertingEv 81027226:Cluster DN Presence Allowed:1
2025-08-29 15:29:29 Event: TermConnCreatedEv CSFaxshetty
2025-08-29 15:29:29 Event: TermConnRingingEv CSFaxshetty
2025-08-29 15:29:35 Event: CiscoCallInfoChangedEv
2025-08-29 15:29:35 ConnConnectedEv - callingNumber=85052112 conn=[81027226:Cluster DN Presence Allowed:1/(P1-axshetty) GCID=(6,9056488)->ACTIVE]->ESTABLISHED
2025-08-29 15:29:35 Opening URL: https://salesassistant.lkqcorp.com/customers/85052112
2025-08-29 15:29:35 Event: ConnConnectedEv 81027226:Cluster DN Presence Allowed:1
2025-08-29 15:29:35 TermConnActiveEv terminal=CSFaxshetty tc=[CSFaxshetty/[81027226:Cluster DN Presence Allowed:1/(P1-axshetty) GCID=(6,9056488)->ACTIVE]->ESTABLISHED]->TALKING
2025-08-29 15:29:35 Event: TermConnActiveEv CSFaxshetty
2025-08-29 15:29:47 Event: ConnDisconnectedEv 85052112::2
2025-08-29 15:29:47 Event: TermConnDroppedEv CSFaxshetty
2025-08-29 15:29:47 Event: ConnDisconnectedEv 81027226:Cluster DN Presence Allowed:1
2025-08-29 15:29:47 Event: CallInvalidEv
2025-08-29 15:30:10 Event: CallActiveEv
2025-08-29 15:30:10 Event: ConnCreatedEv 81027226:Cluster DN Presence Allowed:1
2025-08-29 15:30:10 Event: ConnInProgressEv 81027226:Cluster DN Presence Allowed:1
2025-08-29 15:30:10 Event: ConnCreatedEv 85052112::2
2025-08-29 15:30:10 ConnConnectedEv - callingNumber=85052112 conn=[85052112::2/(P1-axshetty) GCID=(7,9956545)->ACTIVE]->ESTABLISHED
2025-08-29 15:30:10 Skipping connected open: connection address=85052112 monitored=81027226
2025-08-29 15:30:11 Event: ConnAlertingEv 81027226:Cluster DN Presence Allowed:1
2025-08-29 15:30:11 Event: TermConnCreatedEv CSFaxshetty
2025-08-29 15:30:11 Event: TermConnRingingEv CSFaxshetty
2025-08-29 15:30:16 Event: CiscoCallInfoChangedEv
2025-08-29 15:30:16 ConnConnectedEv - callingNumber=85052112 conn=[81027226:Cluster DN Presence Allowed:1/(P1-axshetty) GCID=(7,9956545)->ACTIVE]->ESTABLISHED
2025-08-29 15:30:16 Opening URL: https://salesassistant.lkqcorp.com/customers/85052112
2025-08-29 15:30:16 Event: ConnConnectedEv 81027226:Cluster DN Presence Allowed:1
2025-08-29 15:30:16 TermConnActiveEv terminal=CSFaxshetty tc=[CSFaxshetty/[81027226:Cluster DN Presence Allowed:1/(P1-axshetty) GCID=(7,9956545)->ACTIVE]->ESTABLISHED]->TALKING
2025-08-29 15:30:16 Event: TermConnActiveEv CSFaxshetty
2025-08-29 15:35:37 Event: ConnDisconnectedEv 96155702834::2
2025-08-29 15:35:37 Event: TermConnDroppedEv CSFaxshetty
2025-08-29 15:35:37 Event: ConnDisconnectedEv 81027226:Cluster DN Presence Allowed:1
2025-08-29 15:35:37 Event: CallInvalidEv
2025-08-29 15:35:40 Event: ConnDisconnectedEv 85052112::2
2025-08-29 15:35:40 Event: TermConnDroppedEv CSFaxshetty
2025-08-29 15:35:40 Event: ConnDisconnectedEv 81027226:Cluster DN Presence Allowed:1
2025-08-29 15:35:40 Event: CallInvalidEv
